{"level":30,"time":"2024-10-09T08:47:01.021Z","msg":"crashReporter: enabled"}
{"level":30,"time":"2024-10-09T08:47:01.035Z","msg":"got fast localeOverride setting null"}
{"level":30,"time":"2024-10-09T08:47:01.035Z","msg":"app.ready: hour cycle preference: UnknownPreference"}
{"level":30,"time":"2024-10-09T08:47:01.035Z","msg":"app.ready: preferred system locales: en-US, en"}
{"level":30,"time":"2024-10-09T08:47:01.036Z","msg":"locale: Supported locales: af-ZA, ar, az-AZ, bg-BG, bn-BD, bs-BA, ca, cs, da, de, el, en, es, et-EE, eu, fa-IR, fi, fr, ga-IE, gl-ES, gu-IN, he, hi-IN, hr-HR, hu, id, it, ja, ka-GE, kk-KZ, km-KH, kn-IN, ko, ky-KG, lt-LT, lv-LV, mk-MK, ml-IN, mr-IN, ms, my, nb, nl, pa-IN, pl, pt-BR, pt-PT, ro-RO, ru, sk-SK, sl-SI, sq-AL, sr, sv, sw, ta-IN, te-IN, th, tl-PH, tr, ug, uk-UA, ur, vi, yue, zh-CN, zh-HK, zh-Hant"}
{"level":30,"time":"2024-10-09T08:47:01.036Z","msg":"locale: Preferred locales: en-US, en"}
{"level":30,"time":"2024-10-09T08:47:01.036Z","msg":"locale: Locale Override: null"}
{"level":30,"time":"2024-10-09T08:47:01.038Z","msg":"locale: Matched locale: en"}
{"level":40,"time":"2024-10-09T08:47:01.078Z","msg":"intl.onWarn [@formatjs/intl] \"defaultRichTextElements\" was specified but \"message\" was not pre-compiled. \nPlease consider using \"@formatjs/cli\" to pre-compile your messages for performance.\nFor more details see https://formatjs.io/docs/getting-started/message-distribution"}
{"level":30,"time":"2024-10-09T08:47:01.079Z","msg":"locale: Text info direction for en: ltr"}
{"level":30,"time":"2024-10-09T08:47:01.079Z","msg":"getSQLKey: using legacy key"}
{"level":30,"time":"2024-10-09T08:47:01.080Z","msg":"getSystemTraySetting got value MinimizeToSystemTray"}
{"level":30,"time":"2024-10-09T08:47:01.080Z","msg":"getSystemTraySetting returning MinimizeToSystemTray"}
{"level":30,"time":"2024-10-09T08:47:01.081Z","msg":"app ready"}
{"level":30,"time":"2024-10-09T08:47:01.081Z","msg":"starting version 7.25.0-beta.2"}
{"level":30,"time":"2024-10-09T08:47:01.081Z","msg":"media access status [object Undefined] [object Undefined]"}
{"level":30,"time":"2024-10-09T08:47:01.084Z","msg":"got fast theme-setting value system"}
{"level":30,"time":"2024-10-09T08:47:01.097Z","msg":"got fast theme-setting value system"}
{"level":30,"time":"2024-10-09T08:47:01.097Z","msg":"got fast spellcheck setting true"}
{"level":30,"time":"2024-10-09T08:47:01.098Z","msg":"Initializing BrowserWindow config: {\"show\":false,\"width\":1920,\"height\":1011,\"minWidth\":300,\"minHeight\":200,\"autoHideMenuBar\":false,\"titleBarStyle\":\"default\",\"backgroundColor\":\"#3a76f0\",\"webPreferences\":{\"devTools\":true,\"spellcheck\":true,\"enableBlinkFeatures\":\"CSSPseudoDir,CSSLogical\",\"enablePreferredSizeMode\":true,\"nodeIntegration\":false,\"nodeIntegrationInWorker\":false,\"sandbox\":false,\"contextIsolation\":true,\"preload\":\"[REDACTED]/preload.bundle.js\",\"backgroundThrottling\":true,\"disableBlinkFeatures\":\"Accelerated2dCanvas,AcceleratedSmallCanvases\"},\"icon\":\"[REDACTED]/images/signal-logo-desktop-linux.png\",\"x\":0,\"y\":69}"}
{"level":30,"time":"2024-10-09T08:47:01.165Z","msg":"spellcheck: user locales: [\"en-US\",\"en\"]"}
{"level":30,"time":"2024-10-09T08:47:01.165Z","msg":"spellcheck: available spellchecker languages: [\"af\",\"bg\",\"ca\",\"cs\",\"cy\",\"da\",\"de\",\"de-DE\",\"el\",\"en\",\"en-AU\",\"en-CA\",\"en-GB\",\"en-GB-oxendict\",\"en-US\",\"es\",\"es-419\",\"es-AR\",\"es-ES\",\"es-MX\",\"es-US\",\"et\",\"fa\",\"fo\",\"fr\",\"fr-FR\",\"he\",\"hi\",\"hr\",\"hu\",\"hy\",\"id\",\"it\",\"it-IT\",\"ko\",\"lt\",\"lv\",\"nb\",\"nl\",\"pl\",\"pt\",\"pt-BR\",\"pt-PT\",\"ro\",\"ru\",\"sh\",\"sk\",\"sl\",\"sq\",\"sr\",\"sv\",\"ta\",\"tg\",\"tr\",\"uk\",\"vi\"]"}
{"level":30,"time":"2024-10-09T08:47:01.165Z","msg":"spellcheck: setting languages to: [\"en-US\",\"en\"]"}
{"level":40,"time":"2024-10-09T08:47:01.167Z","msg":"MainSQL: Database log code=283: recovered 949 frames from WAL file [REDACTED]/sql/db.sqlite-wal"}
{"level":30,"time":"2024-10-09T08:47:01.167Z","msg":"MainSQL: updateSchema:\n  Current user_version: 1130;\n  Most recent db schema: 1190;\n  SQLite version: 3.46.1;\n  SQLCipher version: 4.6.1 community;\n  (deprecated) schema_version: 489;\n"}
{"level":30,"time":"2024-10-09T08:47:01.167Z","msg":"MainSQL: updateToSchemaVersion1140: success!"}
{"level":30,"time":"2024-10-09T08:47:01.168Z","msg":"MainSQL: updateToSchemaVersion1150: success!"}
{"level":30,"time":"2024-10-09T08:47:01.178Z","msg":"MainSQL: updateToSchemaVersion1160: success!"}
{"level":30,"time":"2024-10-09T08:47:01.179Z","msg":"MainSQL: updateToSchemaVersion1170: success!"}
{"level":30,"time":"2024-10-09T08:47:01.186Z","msg":"MainSQL: updateToSchemaVersion1180: success!"}
{"level":30,"time":"2024-10-09T08:47:01.204Z","msg":"MainSQL: updateToSchemaVersion1190: success!"}
{"level":30,"time":"2024-10-09T08:47:01.221Z","msg":"MainSQL: updateSchema: optimize took 16ms"}
{"level":30,"time":"2024-10-09T08:47:01.837Z","msg":"got fast theme-setting value system"}
{"level":30,"time":"2024-10-09T08:47:02.647Z","msg":"got fast spellcheck setting true"}
{"level":30,"time":"2024-10-09T08:47:02.655Z","msg":"System tray service: created"}
{"level":30,"time":"2024-10-09T08:47:02.656Z","msg":"System tray service: updating main window. Previously, there was not a window, and now there is"}
{"level":30,"time":"2024-10-09T08:47:02.656Z","msg":"System tray service: rendering no tray"}
{"level":30,"time":"2024-10-09T08:47:02.656Z","msg":"System tray service: enabling"}
{"level":30,"time":"2024-10-09T08:47:02.656Z","msg":"System tray service: rendering the tray"}
{"level":30,"time":"2024-10-09T08:47:02.656Z","msg":"System tray service: creating the tray"}
{"level":30,"time":"2024-10-09T08:47:02.660Z","msg":"Begin ensuring permissions"}
{"level":30,"time":"2024-10-09T08:47:02.662Z","msg":"main window is ready-to-show"}
{"level":30,"time":"2024-10-09T08:47:02.662Z","msg":"showing main window"}
{"level":30,"time":"2024-10-09T08:47:02.663Z","msg":"System tray service: rendering the tray"}
{"level":30,"time":"2024-10-09T08:47:02.681Z","msg":"Ensuring file permissions for 4 files"}
{"level":30,"time":"2024-10-09T08:47:02.683Z","msg":"Finish ensuring permissions in 23ms"}
{"level":30,"time":"2024-10-09T08:47:02.752Z","msg":"deleteAllBadges: deleted 0 files"}
{"level":30,"time":"2024-10-09T08:47:02.767Z","msg":"MainSQL: removeKnownStickers: About to iterate through 238 stickers"}
{"level":30,"time":"2024-10-09T08:47:02.769Z","msg":"MainSQL: removeKnownStickers: Done processing 238 stickers"}
{"level":30,"time":"2024-10-09T08:47:02.769Z","msg":"deleteAllStickers: deleted 0 files"}
{"level":30,"time":"2024-10-09T08:47:02.771Z","msg":"MainSQL: removeKnownDraftAttachments: About to iterate through 228 conversations"}
{"level":30,"time":"2024-10-09T08:47:02.776Z","msg":"MainSQL: removeKnownDraftAttachments: Done processing 228 conversations"}
{"level":30,"time":"2024-10-09T08:47:02.777Z","msg":"deleteAllDraftAttachments: deleted 0 files"}
{"level":30,"time":"2024-10-09T08:47:02.782Z","msg":"cleanupOrphanedAttachments: found 50 attachments on disk"}
{"level":30,"time":"2024-10-09T08:47:02.783Z","msg":"cleanupOrphanedAttachments: found 0 downloads on disk"}
{"level":30,"time":"2024-10-09T08:47:02.784Z","msg":"MainSQL: getKnownConversationAttachments: About to iterate through 228"}
{"level":30,"time":"2024-10-09T08:47:02.789Z","msg":"MainSQL: getKnownConversationAttachments: Done processing"}
{"level":30,"time":"2024-10-09T08:47:02.789Z","msg":"cleanupOrphanedAttachments: found 44 conversation attachments (0 missing), 6 remain"}
{"level":30,"time":"2024-10-09T08:47:02.789Z","msg":"cleanupOrphanedAttachments: found 0 downloads (0 missing), 0 remain"}
{"level":30,"time":"2024-10-09T08:47:02.790Z","msg":"cleanupOrphanedAttachments: took 43ms"}
{"level":30,"time":"2024-10-09T08:47:02.791Z","msg":"MainSQL: pageMessages(9418d21d55bf5ca5): Starting iteration through 34 messages"}
{"level":30,"time":"2024-10-09T08:47:02.844Z","msg":"MainSQL: finishPageMessages(9418d21d55bf5ca5): reached the end after processing 34 messages"}
{"level":30,"time":"2024-10-09T08:47:02.844Z","msg":"cleanupOrphanedAttachments: found 6 message attachments, (0 missing) 0 remain"}
{"level":30,"time":"2024-10-09T08:47:02.844Z","msg":"deleteAll: deleted 0 files"}
{"level":30,"time":"2024-10-09T08:47:02.844Z","msg":"cleanupOrphanedAttachments: found 0 downloads (0 missing) 0 remain"}
{"level":30,"time":"2024-10-09T08:47:02.845Z","msg":"deleteAllDownloads: deleted 0 files"}
{"level":30,"time":"2024-10-09T08:47:02.845Z","msg":"deleteOrphanedAttachments: took 55ms"}
{"level":50,"time":"2024-10-09T08:47:02.960Z","msg":"Error occurred in handler for 'net.resolveHost': {}"}
{"level":30,"time":"2024-10-09T08:47:03.019Z","msg":"MainSQL: getAllUnprocessedIds"}
{"level":30,"time":"2024-10-09T08:47:03.019Z","msg":"Prevent display sleep service: allowing display sleep"}
{"level":30,"time":"2024-10-09T08:47:03.019Z","msg":"Background throttling enabled because no call is active"}
{"level":30,"time":"2024-10-09T08:47:12.747Z","msg":"updater/start: Updates disabled - not starting new version checks"}
{"level":30,"time":"2024-10-09T08:47:12.755Z","msg":"App loaded - time: 11675"}
{"level":30,"time":"2024-10-09T08:47:12.755Z","msg":"SQL init - time: 154"}
{"level":30,"time":"2024-10-09T08:47:12.755Z","msg":"Preload - time: 794"}
{"level":30,"time":"2024-10-09T08:47:12.755Z","msg":"WebSocket connect - time: -1728463622597"}
{"level":30,"time":"2024-10-09T08:47:12.755Z","msg":"Processed count: 0"}
{"level":30,"time":"2024-10-09T08:47:12.755Z","msg":"Messages per second: 0"}
{"level":50,"time":"2024-10-09T08:47:13.427Z","msg":"Error occurred in handler for 'net.resolveHost': {}"}
{"level":50,"time":"2024-10-09T08:47:13.427Z","msg":"Error occurred in handler for 'net.resolveHost': {}"}
{"level":50,"time":"2024-10-09T08:47:13.427Z","msg":"Error occurred in handler for 'net.resolveHost': {}"}
{"level":40,"time":"2024-10-09T08:47:17.457Z","msg":"OptionalResourceService: loaded emoji-index-en.json from disk"}
{"level":50,"time":"2024-10-09T08:47:18.030Z","msg":"Error occurred in handler for 'net.resolveHost': {}"}
{"level":30,"time":"2024-10-09T08:47:25.058Z","msg":"MainSQL: slow query removeAllConfiguration duration=41ms"}
{"level":30,"time":"2024-10-09T08:48:33.920Z","msg":"MainSQL: slow query createOrUpdateItem duration=50ms"}
{"level":30,"time":"2024-10-09T09:17:03.935Z","msg":"MainSQL: slow query createOrUpdateItem duration=51ms"}
{"level":30,"time":"2024-10-09T09:32:03.934Z","msg":"MainSQL: slow query createOrUpdateItem duration=51ms"}
{"level":30,"time":"2024-10-09T12:29:48.947Z","msg":"MainSQL: slow query createOrUpdateItem duration=50ms"}
{"level":30,"time":"2024-10-09T12:59:48.947Z","msg":"MainSQL: slow query createOrUpdateItem duration=50ms"}
{"level":30,"time":"2024-10-09T13:04:48.947Z","msg":"MainSQL: slow query createOrUpdateItem duration=50ms"}
{"level":50,"time":"2024-10-09T14:04:33.734Z","msg":"Error occurred in handler for 'net.resolveHost': {}"}
{"level":50,"time":"2024-10-09T14:04:36.244Z","msg":"Error occurred in handler for 'net.resolveHost': {}"}
{"level":50,"time":"2024-10-09T14:04:38.812Z","msg":"Error occurred in handler for 'net.resolveHost': {}"}
{"level":30,"time":"2024-10-09T14:13:01.820Z","msg":"MainSQL: slow query createOrUpdateItem duration=51ms"}
{"level":30,"time":"2024-10-09T14:18:02.375Z","msg":"MainSQL: slow query createOrUpdateItem duration=50ms"}
{"level":30,"time":"2024-10-09T14:38:54.080Z","msg":"MainSQL: slow query createOrUpdateItem duration=51ms"}
{"level":30,"time":"2024-10-09T14:53:54.080Z","msg":"MainSQL: slow query createOrUpdateItem duration=51ms"}
{"level":30,"time":"2024-10-09T15:21:59.401Z","msg":"MainSQL: slow query createOrUpdateItem duration=51ms"}
{"level":50,"time":"2024-10-10T07:58:37.886Z","msg":"Error occurred in handler for 'net.resolveHost': {}"}
{"level":30,"time":"2024-10-10T08:25:55.093Z","msg":"MainSQL: slow query createOrUpdateItem duration=51ms"}
{"level":30,"time":"2024-10-10T09:09:41.812Z","msg":"MainSQL: slow query createOrUpdateItem duration=50ms"}
{"level":30,"time":"2024-10-10T09:14:41.812Z","msg":"MainSQL: slow query createOrUpdateItem duration=50ms"}
{"level":30,"time":"2024-10-10T09:22:24.643Z","msg":"MainSQL: slow query createOrUpdateItem duration=51ms"}
{"level":30,"time":"2024-10-10T09:34:41.811Z","msg":"MainSQL: slow query createOrUpdateItem duration=50ms"}
{"level":30,"time":"2024-10-10T10:26:39.720Z","msg":"MainSQL: slow query createOrUpdateItem duration=50ms"}
{"level":30,"time":"2024-10-10T12:23:47.726Z","msg":"MainSQL: slow query createOrUpdateItem duration=50ms"}
{"level":30,"time":"2024-10-10T12:28:47.725Z","msg":"MainSQL: slow query createOrUpdateItem duration=50ms"}
{"level":30,"time":"2024-10-10T12:33:47.725Z","msg":"MainSQL: slow query createOrUpdateItem duration=49ms"}
{"level":30,"time":"2024-10-10T13:06:28.213Z","msg":"MainSQL: slow query createOrUpdateItem duration=50ms"}
{"level":30,"time":"2024-10-10T13:26:28.213Z","msg":"MainSQL: slow query createOrUpdateItem duration=50ms"}
{"level":30,"time":"2024-10-10T14:28:55.283Z","msg":"MainSQL: slow query createOrUpdateItem duration=51ms"}
{"level":30,"time":"2024-10-10T14:46:12.451Z","msg":"MainSQL: slow query createOrUpdateItem duration=50ms"}
{"level":30,"time":"2024-10-10T14:51:12.452Z","msg":"MainSQL: slow query createOrUpdateItem duration=51ms"}
{"level":30,"time":"2024-10-10T14:59:17.413Z","msg":"close event {\"readyForShutdown\":false,\"shouldQuit\":false}"}
{"level":30,"time":"2024-10-10T14:59:17.413Z","msg":"maybeRequestCloseConfirmation: Checking to see if close confirmation is needed"}
{"level":30,"time":"2024-10-10T14:59:17.415Z","msg":"maybeRequestCloseConfirmation: Response received"}
{"level":30,"time":"2024-10-10T14:59:17.416Z","msg":"System tray service: rendering the tray"}
{"level":30,"time":"2024-10-10T14:59:17.421Z","msg":"config/set: Saving ephemeral config to disk"}
{"level":30,"time":"2024-10-10T14:59:17.430Z","msg":"config/set: Saved ephemeral config to disk"}
{"level":30,"time":"2024-10-10T14:59:17.430Z","msg":"close: showing tray notice"}
{"level":30,"time":"2024-10-10T14:59:17.991Z","msg":"Updating BrowserWindow config: %s {\"maximized\":true,\"autoHideMenuBar\":false,\"fullscreen\":false,\"width\":1920,\"height\":1011,\"x\":0,\"y\":32}"}
{"level":30,"time":"2024-10-10T14:59:17.991Z","msg":"config/set: Saving ephemeral config to disk"}
{"level":30,"time":"2024-10-10T14:59:17.998Z","msg":"config/set: Saved ephemeral config to disk"}
{"level":30,"time":"2024-10-10T15:21:55.372Z","msg":"MainSQL: slow query createOrUpdateItem duration=50ms"}
{"level":30,"time":"2024-10-10T15:26:55.370Z","msg":"MainSQL: slow query createOrUpdateItem duration=51ms"}
{"level":30,"time":"2024-10-10T15:41:32.371Z","msg":"MainSQL: slow query createOrUpdateItem duration=51ms"}
{"level":30,"time":"2024-10-10T15:46:32.370Z","msg":"MainSQL: slow query createOrUpdateItem duration=50ms"}
{"level":30,"time":"2024-10-11T07:59:04.130Z","msg":"MainSQL: slow query createOrUpdateItem duration=53ms"}
{"level":30,"time":"2024-10-11T08:59:04.129Z","msg":"MainSQL: slow query createOrUpdateItem duration=51ms"}
{"level":30,"time":"2024-10-11T09:04:04.121Z","msg":"MainSQL: slow query createOrUpdateItem duration=50ms"}
{"level":30,"time":"2024-10-11T13:18:22.249Z","msg":"MainSQL: slow query createOrUpdateItem duration=51ms"}
